\BOOKMARK [0][-]{chapter.1}{Introdu\347\343o}{}% 1
\BOOKMARK [1][-]{section.1.1}{O GAS-UFSC e o IAA-CSIC}{chapter.1}% 2
\BOOKMARK [1][-]{section.1.2}{G\341s, estrelas e poeira nas gal\341xias}{chapter.1}% 3
\BOOKMARK [1][-]{section.1.3}{De poeira para g\341s}{chapter.1}% 4
\BOOKMARK [1][-]{section.1.4}{Este trabalho}{chapter.1}% 5
\BOOKMARK [0][-]{chapter.2}{Linhas de emiss\343o}{}% 6
\BOOKMARK [1][-]{section.2.1}{EmLinesDataCube}{chapter.2}% 7
\BOOKMARK [2][-]{subsection.2.1.1}{Extin\347\343o estimada atrav\351s do decremento de Balmer}{section.2.1}% 8
\BOOKMARK [2][-]{subsection.2.1.2}{Metalicidade Nebular}{section.2.1}% 9
\BOOKMARK [2][-]{subsection.2.1.3}{Exemplo de utiliza\347\343o}{section.2.1}% 10
\BOOKMARK [1][-]{section.2.2}{Taxa de forma\347\343o estelar}{chapter.2}% 11
\BOOKMARK [0][-]{chapter.3}{Amostra de gal\341xias}{}% 12
\BOOKMARK [1][-]{section.3.1}{Artigo - CALIFA, the Calar Alto Legacy Field Area survey III. Second public data release.}{chapter.3}% 13
\BOOKMARK [1][-]{section.3.2}{Defini\347\343o da amostra deste trabalho}{chapter.3}% 14
\BOOKMARK [2][-]{subsection.3.2.1}{Mascarando elementos e removendo outliers}{section.3.2}% 15
\BOOKMARK [2][-]{subsection.3.2.2}{Classifica\347\343o Morfol\363gica}{section.3.2}% 16
\BOOKMARK [1][-]{section.3.3}{Perfis radiais}{chapter.3}% 17
\BOOKMARK [0][-]{chapter.4}{Compara\347\365es entre propriedades estelares e propriedades nebulares}{}% 18
\BOOKMARK [1][-]{section.4.1}{Compara\347\343o entre as taxas de forma\347\343o estelar}{chapter.4}% 19
\BOOKMARK [1][-]{section.4.2}{Compara\347\343o entre os coeficientes de extin\347\343o}{chapter.4}% 20
\BOOKMARK [1][-]{section.4.3}{Compara\347\343o entre as metalicidades}{chapter.4}% 21
\BOOKMARK [2][-]{subsection.4.3.1}{Metais em gal\341xias - "426830A logZ "526930B M e log \(O/H\)}{section.4.3}% 22
\BOOKMARK [2][-]{subsection.4.3.2}{Artigo - Insights on the Stellar Mass-Metallicity Relation from the CALIFA Survey.}{section.4.3}% 23
\BOOKMARK [2][-]{subsection.4.3.3}{Artigo - The CALIFA Survey across the Hubble sequence. Spatially resolved stellar population properties in galaxies.}{section.4.3}% 24
\BOOKMARK [0][-]{chapter.5}{Extin\347\343o diferencial}{}% 25
\BOOKMARK [1][-]{section.5.1}{Estudo emp\355rico}{chapter.5}% 26
\BOOKMARK [2][-]{subsection.5.1.1}{Compara\347\343o direta entre os coeficientes}{section.5.1}% 27
\BOOKMARK [2][-]{subsection.5.1.2}{O papel de xY e de b/a}{section.5.1}% 28
\BOOKMARK [1][-]{section.5.2}{Modelagem e interpreta\347\343o}{chapter.5}% 29
\BOOKMARK [2][-]{subsection.5.2.1}{O modelo}{section.5.2}% 30
\BOOKMARK [1][-]{section.5.3}{Pr\363ximos passos}{chapter.5}% 31
\BOOKMARK [0][-]{chapter.6}{Estimando fra\347\365es de g\341s}{}% 32
\BOOKMARK [1][-]{section.6.1}{Um modelo simples de evolu\347\343o qu\355mica}{chapter.6}% 33
\BOOKMARK [1][-]{section.6.2}{Rela\347\343o de Kennicutt-Schmidt e a pseudo-KS}{chapter.6}% 34
\BOOKMARK [2][-]{subsection.6.2.1}{Res\355duos da pseudo-KS}{section.6.2}% 35
\BOOKMARK [1][-]{section.6.3}{Convers\343o de poeira em g\341s}{chapter.6}% 36
\BOOKMARK [2][-]{subsection.6.3.1}{Analisando a convers\343o}{section.6.3}% 37
\BOOKMARK [1][-]{section.6.4}{Perspectivas e pr\363ximos passos}{chapter.6}% 38
\BOOKMARK [0][-]{appendix.A}{Artigos publicados}{}% 39
\BOOKMARK [1][-]{section.A.1}{CALIFA, the Calar Alto Legacy Integral Field Area survey. III. Second public data release}{appendix.A}% 40
\BOOKMARK [1][-]{section.A.2}{Insights on the stellar mass-metallicity relation from the CALIFA Survey}{appendix.A}% 41
\BOOKMARK [1][-]{section.A.3}{The CALIFA survey across the Hubble sequence. Spatially resolved stellar population properties in galaxies}{appendix.A}% 42
\BOOKMARK [0][-]{appendix*.3}{Refer\352ncias Bibliogr\341ficas}{}% 43
